2026-03-20 14:06:33,908 - __main__ - INFO - Analysis result: {'is_active': True, 'payment_status': 'active', 'discount_applicable': False, 'late_payments_count': 2, 'exempt_count': 1, 'total_amount': 118, 'total_records': 3}
2026-03-20 14:06:33,913 - __main__ - INFO - get_last_n_records called with n=2 and fee_records with length 3
2026-03-20 14:06:33,913 - __main__ - INFO - Successfully returning [FeeRecord(late_payment=True, exempt=False, amount=10), FeeRecord(late_payment=False, exempt=False, amount=0)]
2026-03-20 14:06:33,915 - __main__ - INFO - get_last_n_records called with n=0 and fee_records with length 3
2026-03-20 14:06:33,916 - __main__ - ERROR - n must be greater than 0
2026-03-20 14:06:33,920 - __main__ - INFO - get_last_n_records called with n=5 and fee_records with length 3
2026-03-20 14:06:33,920 - __main__ - ERROR - Requested fee records not available
2026-03-20 14:06:33,922 - __main__ - INFO - get_last_n_records called with n=1 and fee_records with length 0
2026-03-20 14:06:33,922 - __main__ - ERROR - Requested fee records not available
2026-03-20 14:06:33,924 - __main__ - INFO - get_last_n_records called with n=1 and fee_records with length 3
2026-03-20 14:06:33,924 - __main__ - INFO - Successfully returning [FeeRecord(late_payment=False, exempt=False, amount=0)]
2026-03-20 14:06:33,926 - __main__ - INFO - get_middle_n_records called with n=2 and fee_records with length 5
2026-03-20 14:06:33,926 - __main__ - INFO - Successfully returning [FeeRecord(late_payment=False, exempt=False, amount=200), FeeRecord(late_payment=True, exempt=True, amount=300)]
2026-03-20 14:06:33,927 - __main__ - INFO - get_middle_n_records called with n=0 and fee_records with length 5
2026-03-20 14:06:33,927 - __main__ - ERROR - n must be greater than 0
2026-03-20 14:06:33,929 - __main__ - INFO - get_middle_n_records called with n=1 and fee_records with length 0
2026-03-20 14:06:33,929 - __main__ - ERROR - Requested fee records not available
2026-03-20 14:06:33,930 - __main__ - INFO - get_middle_n_records called with n=1 and fee_records with length 5
2026-03-20 14:06:33,931 - __main__ - INFO - Successfully returning [FeeRecord(late_payment=True, exempt=True, amount=300)]
2026-03-20 14:06:33,963 - __main__ - INFO - Successfully loaded record: FeeRecord(late_payment=True, exempt=False, amount=500.0)
2026-03-20 14:06:33,963 - __main__ - INFO - Successfully loaded record: FeeRecord(late_payment=False, exempt=False, amount=200.0)
2026-03-20 14:06:33,963 - __main__ - INFO - Successfully loaded record: FeeRecord(late_payment=True, exempt=True, amount=300.0)
2026-03-20 14:06:33,965 - __main__ - ERROR - File not found: non_existent_file.csv
2026-03-20 14:06:50,925 - __main__ - INFO - Analysis result: {'is_active': True, 'payment_status': 'active', 'discount_applicable': False, 'late_payments_count': 2, 'exempt_count': 1, 'total_amount': 118, 'total_records': 3}
2026-03-20 14:06:50,928 - __main__ - INFO - get_last_n_records called with n=2 and fee_records with length 3
2026-03-20 14:06:50,928 - __main__ - INFO - Successfully returning [FeeRecord(late_payment=True, exempt=False, amount=10), FeeRecord(late_payment=False, exempt=False, amount=0)]
2026-03-20 14:06:50,929 - __main__ - INFO - get_last_n_records called with n=0 and fee_records with length 3
2026-03-20 14:06:50,929 - __main__ - ERROR - n must be greater than 0
2026-03-20 14:06:50,932 - __main__ - INFO - get_last_n_records called with n=5 and fee_records with length 3
2026-03-20 14:06:50,933 - __main__ - ERROR - Requested fee records not available
2026-03-20 14:06:50,934 - __main__ - INFO - get_last_n_records called with n=1 and fee_records with length 0
2026-03-20 14:06:50,935 - __main__ - ERROR - Requested fee records not available
2026-03-20 14:06:50,936 - __main__ - INFO - get_last_n_records called with n=1 and fee_records with length 3
2026-03-20 14:06:50,936 - __main__ - INFO - Successfully returning [FeeRecord(late_payment=False, exempt=False, amount=0)]
2026-03-20 14:06:50,938 - __main__ - INFO - get_middle_n_records called with n=2 and fee_records with length 5
2026-03-20 14:06:50,938 - __main__ - INFO - Successfully returning [FeeRecord(late_payment=False, exempt=False, amount=200), FeeRecord(late_payment=True, exempt=True, amount=300)]
2026-03-20 14:06:50,939 - __main__ - INFO - get_middle_n_records called with n=0 and fee_records with length 5
2026-03-20 14:06:50,939 - __main__ - ERROR - n must be greater than 0
2026-03-20 14:06:50,940 - __main__ - INFO - get_middle_n_records called with n=1 and fee_records with length 0
2026-03-20 14:06:50,940 - __main__ - ERROR - Requested fee records not available
2026-03-20 14:06:50,941 - __main__ - INFO - get_middle_n_records called with n=1 and fee_records with length 5
2026-03-20 14:06:50,942 - __main__ - INFO - Successfully returning [FeeRecord(late_payment=True, exempt=True, amount=300)]
2026-03-20 14:06:50,961 - __main__ - INFO - Successfully loaded record: FeeRecord(late_payment=True, exempt=False, amount=500.0)
2026-03-20 14:06:50,961 - __main__ - INFO - Successfully loaded record: FeeRecord(late_payment=False, exempt=False, amount=200.0)
2026-03-20 14:06:50,961 - __main__ - INFO - Successfully loaded record: FeeRecord(late_payment=True, exempt=True, amount=300.0)
2026-03-20 14:06:50,963 - __main__ - ERROR - File not found: non_existent_file.csv
2026-03-20 14:07:11,452 - __main__ - INFO - Analysis result: {'is_active': True, 'payment_status': 'active', 'discount_applicable': False, 'late_payments_count': 2, 'exempt_count': 1, 'total_amount': 118, 'total_records': 3}
2026-03-20 14:07:11,457 - __main__ - INFO - get_last_n_records called with n=2 and fee_records with length 3
2026-03-20 14:07:11,457 - __main__ - INFO - Successfully returning [FeeRecord(late_payment=True, exempt=False, amount=10), FeeRecord(late_payment=False, exempt=False, amount=0)]
2026-03-20 14:07:11,459 - __main__ - INFO - get_last_n_records called with n=0 and fee_records with length 3
2026-03-20 14:07:11,460 - __main__ - ERROR - n must be greater than 0
2026-03-20 14:07:11,463 - __main__ - INFO - get_last_n_records called with n=5 and fee_records with length 3
2026-03-20 14:07:11,463 - __main__ - ERROR - Requested fee records not available
2026-03-20 14:07:11,465 - __main__ - INFO - get_last_n_records called with n=1 and fee_records with length 0
2026-03-20 14:07:11,466 - __main__ - ERROR - Requested fee records not available
2026-03-20 14:07:11,468 - __main__ - INFO - get_last_n_records called with n=1 and fee_records with length 3
2026-03-20 14:07:11,468 - __main__ - INFO - Successfully returning [FeeRecord(late_payment=False, exempt=False, amount=0)]
2026-03-20 14:07:11,470 - __main__ - INFO - get_middle_n_records called with n=2 and fee_records with length 5
2026-03-20 14:07:11,470 - __main__ - INFO - Successfully returning [FeeRecord(late_payment=False, exempt=False, amount=200), FeeRecord(late_payment=True, exempt=True, amount=300)]
2026-03-20 14:07:11,471 - __main__ - INFO - get_middle_n_records called with n=0 and fee_records with length 5
2026-03-20 14:07:11,472 - __main__ - ERROR - n must be greater than 0
2026-03-20 14:07:11,473 - __main__ - INFO - get_middle_n_records called with n=1 and fee_records with length 0
2026-03-20 14:07:11,473 - __main__ - ERROR - Requested fee records not available
2026-03-20 14:07:11,474 - __main__ - INFO - get_middle_n_records called with n=1 and fee_records with length 5
2026-03-20 14:07:11,475 - __main__ - INFO - Successfully returning [FeeRecord(late_payment=True, exempt=True, amount=300)]
2026-03-20 14:07:11,492 - __main__ - INFO - Successfully loaded record: FeeRecord(late_payment=True, exempt=False, amount=500.0)
2026-03-20 14:07:11,493 - __main__ - INFO - Successfully loaded record: FeeRecord(late_payment=False, exempt=False, amount=200.0)
2026-03-20 14:07:11,493 - __main__ - INFO - Successfully loaded record: FeeRecord(late_payment=True, exempt=True, amount=300.0)
2026-03-20 14:07:11,496 - __main__ - ERROR - File not found: non_existent_file.csv
2026-03-20 14:09:01,459 - __main__ - INFO - Analysis result: {'is_active': True, 'payment_status': 'active', 'discount_applicable': False, 'late_payments_count': 2, 'exempt_count': 1, 'total_amount': 118, 'total_records': 3}
2026-03-20 14:09:01,465 - __main__ - INFO - get_last_n_records called with n=2 and fee_records with length 3
2026-03-20 14:09:01,465 - __main__ - INFO - Successfully returning [FeeRecord(late_payment=True, exempt=False, amount=10), FeeRecord(late_payment=False, exempt=False, amount=0)]
2026-03-20 14:09:01,468 - __main__ - INFO - get_last_n_records called with n=0 and fee_records with length 3
2026-03-20 14:09:01,468 - __main__ - ERROR - n must be greater than 0
2026-03-20 14:09:01,472 - __main__ - INFO - get_last_n_records called with n=5 and fee_records with length 3
2026-03-20 14:09:01,472 - __main__ - ERROR - Requested fee records not available
2026-03-20 14:09:01,475 - __main__ - INFO - get_last_n_records called with n=1 and fee_records with length 0
2026-03-20 14:09:01,475 - __main__ - ERROR - Requested fee records not available
2026-03-20 14:09:01,477 - __main__ - INFO - get_last_n_records called with n=1 and fee_records with length 3
2026-03-20 14:09:01,478 - __main__ - INFO - Successfully returning [FeeRecord(late_payment=False, exempt=False, amount=0)]
2026-03-20 14:09:01,481 - __main__ - INFO - get_middle_n_records called with n=2 and fee_records with length 5
2026-03-20 14:09:01,482 - __main__ - INFO - Successfully returning [FeeRecord(late_payment=False, exempt=False, amount=200), FeeRecord(late_payment=True, exempt=True, amount=300)]
2026-03-20 14:09:01,483 - __main__ - INFO - get_middle_n_records called with n=0 and fee_records with length 5
2026-03-20 14:09:01,483 - __main__ - ERROR - n must be greater than 0
2026-03-20 14:09:01,485 - __main__ - INFO - get_middle_n_records called with n=1 and fee_records with length 0
2026-03-20 14:09:01,485 - __main__ - ERROR - Requested fee records not available
2026-03-20 14:09:01,486 - __main__ - INFO - get_middle_n_records called with n=1 and fee_records with length 5
2026-03-20 14:09:01,486 - __main__ - INFO - Successfully returning [FeeRecord(late_payment=True, exempt=True, amount=300)]
2026-03-20 14:09:01,503 - __main__ - INFO - Successfully loaded record: FeeRecord(late_payment=True, exempt=False, amount=500.0)
2026-03-20 14:09:01,503 - __main__ - INFO - Successfully loaded record: FeeRecord(late_payment=False, exempt=False, amount=200.0)
2026-03-20 14:09:01,504 - __main__ - INFO - Successfully loaded record: FeeRecord(late_payment=True, exempt=True, amount=300.0)
2026-03-20 14:09:01,505 - __main__ - ERROR - File not found: non_existent_file.csv
2026-03-20 14:09:06,478 - __main__ - INFO - Analysis result: {'is_active': True, 'payment_status': 'active', 'discount_applicable': False, 'late_payments_count': 2, 'exempt_count': 1, 'total_amount': 118, 'total_records': 3}
2026-03-20 14:09:06,482 - __main__ - INFO - get_last_n_records called with n=2 and fee_records with length 3
2026-03-20 14:09:06,482 - __main__ - INFO - Successfully returning [FeeRecord(late_payment=True, exempt=False, amount=10), FeeRecord(late_payment=False, exempt=False, amount=0)]
2026-03-20 14:09:06,484 - __main__ - INFO - get_last_n_records called with n=0 and fee_records with length 3
2026-03-20 14:09:06,484 - __main__ - ERROR - n must be greater than 0
2026-03-20 14:09:06,486 - __main__ - INFO - get_last_n_records called with n=5 and fee_records with length 3
2026-03-20 14:09:06,487 - __main__ - ERROR - Requested fee records not available
2026-03-20 14:09:06,489 - __main__ - INFO - get_last_n_records called with n=1 and fee_records with length 0
2026-03-20 14:09:06,489 - __main__ - ERROR - Requested fee records not available
2026-03-20 14:09:06,492 - __main__ - INFO - get_last_n_records called with n=1 and fee_records with length 3
2026-03-20 14:09:06,492 - __main__ - INFO - Successfully returning [FeeRecord(late_payment=False, exempt=False, amount=0)]
2026-03-20 14:09:06,494 - __main__ - INFO - get_middle_n_records called with n=2 and fee_records with length 5
2026-03-20 14:09:06,494 - __main__ - INFO - Successfully returning [FeeRecord(late_payment=False, exempt=False, amount=200), FeeRecord(late_payment=True, exempt=True, amount=300)]
2026-03-20 14:09:06,496 - __main__ - INFO - get_middle_n_records called with n=0 and fee_records with length 5
2026-03-20 14:09:06,497 - __main__ - ERROR - n must be greater than 0
2026-03-20 14:09:06,499 - __main__ - INFO - get_middle_n_records called with n=1 and fee_records with length 0
2026-03-20 14:09:06,499 - __main__ - ERROR - Requested fee records not available
2026-03-20 14:09:06,502 - __main__ - INFO - get_middle_n_records called with n=1 and fee_records with length 5
2026-03-20 14:09:06,502 - __main__ - INFO - Successfully returning [FeeRecord(late_payment=True, exempt=True, amount=300)]
2026-03-20 14:09:06,523 - __main__ - INFO - Successfully loaded record: FeeRecord(late_payment=True, exempt=False, amount=500.0)
2026-03-20 14:09:06,523 - __main__ - INFO - Successfully loaded record: FeeRecord(late_payment=False, exempt=False, amount=200.0)
2026-03-20 14:09:06,524 - __main__ - INFO - Successfully loaded record: FeeRecord(late_payment=True, exempt=True, amount=300.0)
2026-03-20 14:09:06,525 - __main__ - ERROR - File not found: non_existent_file.csv
2026-03-20 14:09:33,192 - __main__ - INFO - Analysis result: {'is_active': True, 'payment_status': 'active', 'discount_applicable': False, 'late_payments_count': 2, 'exempt_count': 1, 'total_amount': 118, 'total_records': 3}
2026-03-20 14:09:33,198 - __main__ - INFO - get_last_n_records called with n=2 and fee_records with length 3
2026-03-20 14:09:33,198 - __main__ - INFO - Successfully returning [FeeRecord(late_payment=True, exempt=False, amount=10), FeeRecord(late_payment=False, exempt=False, amount=0)]
2026-03-20 14:09:33,199 - __main__ - INFO - get_last_n_records called with n=0 and fee_records with length 3
2026-03-20 14:09:33,199 - __main__ - ERROR - n must be greater than 0
2026-03-20 14:09:33,204 - __main__ - INFO - get_last_n_records called with n=5 and fee_records with length 3
2026-03-20 14:09:33,205 - __main__ - ERROR - Requested fee records not available
2026-03-20 14:09:33,206 - __main__ - INFO - get_last_n_records called with n=1 and fee_records with length 0
2026-03-20 14:09:33,206 - __main__ - ERROR - Requested fee records not available
2026-03-20 14:09:33,208 - __main__ - INFO - get_last_n_records called with n=1 and fee_records with length 3
2026-03-20 14:09:33,208 - __main__ - INFO - Successfully returning [FeeRecord(late_payment=False, exempt=False, amount=0)]
2026-03-20 14:09:33,211 - __main__ - INFO - get_middle_n_records called with n=2 and fee_records with length 5
2026-03-20 14:09:33,211 - __main__ - INFO - Successfully returning [FeeRecord(late_payment=False, exempt=False, amount=200), FeeRecord(late_payment=True, exempt=True, amount=300)]
2026-03-20 14:09:33,213 - __main__ - INFO - get_middle_n_records called with n=0 and fee_records with length 5
2026-03-20 14:09:33,213 - __main__ - ERROR - n must be greater than 0
2026-03-20 14:09:33,215 - __main__ - INFO - get_middle_n_records called with n=1 and fee_records with length 0
2026-03-20 14:09:33,215 - __main__ - ERROR - Requested fee records not available
2026-03-20 14:09:33,216 - __main__ - INFO - get_middle_n_records called with n=1 and fee_records with length 5
2026-03-20 14:09:33,216 - __main__ - INFO - Successfully returning [FeeRecord(late_payment=True, exempt=True, amount=300)]
2026-03-20 14:09:33,232 - __main__ - INFO - Successfully loaded record: FeeRecord(late_payment=True, exempt=False, amount=500.0)
2026-03-20 14:09:33,233 - __main__ - INFO - Successfully loaded record: FeeRecord(late_payment=False, exempt=False, amount=200.0)
2026-03-20 14:09:33,233 - __main__ - INFO - Successfully loaded record: FeeRecord(late_payment=True, exempt=True, amount=300.0)
2026-03-20 14:09:33,235 - __main__ - ERROR - File not found: non_existent_file.csv
2026-03-20 14:16:48,105 - __main__ - INFO - Analysis result: {'is_active': True, 'payment_status': 'active', 'discount_applicable': False, 'late_payments_count': 2, 'exempt_count': 1, 'total_amount': 118, 'total_records': 3}
2026-03-20 14:16:48,108 - __main__ - INFO - get_last_n_records called with n=2 and fee_records with length 3
2026-03-20 14:16:48,109 - __main__ - INFO - Successfully returning [FeeRecord(late_payment=True, exempt=False, amount=10), FeeRecord(late_payment=False, exempt=False, amount=0)]
2026-03-20 14:16:48,110 - __main__ - INFO - get_last_n_records called with n=0 and fee_records with length 3
2026-03-20 14:16:48,110 - __main__ - ERROR - n must be greater than 0
2026-03-20 14:16:48,115 - __main__ - INFO - get_last_n_records called with n=5 and fee_records with length 3
2026-03-20 14:16:48,115 - __main__ - ERROR - Requested fee records not available
2026-03-20 14:16:48,117 - __main__ - INFO - get_last_n_records called with n=1 and fee_records with length 0
2026-03-20 14:16:48,117 - __main__ - ERROR - Requested fee records not available
2026-03-20 14:16:48,118 - __main__ - INFO - get_last_n_records called with n=1 and fee_records with length 3
2026-03-20 14:16:48,119 - __main__ - INFO - Successfully returning [FeeRecord(late_payment=False, exempt=False, amount=0)]
2026-03-20 14:16:48,121 - __main__ - INFO - get_middle_n_records called with n=2 and fee_records with length 5
2026-03-20 14:16:48,121 - __main__ - INFO - Successfully returning [FeeRecord(late_payment=False, exempt=False, amount=200), FeeRecord(late_payment=True, exempt=True, amount=300)]
2026-03-20 14:16:48,122 - __main__ - INFO - get_middle_n_records called with n=0 and fee_records with length 5
2026-03-20 14:16:48,122 - __main__ - ERROR - n must be greater than 0
2026-03-20 14:16:48,124 - __main__ - INFO - get_middle_n_records called with n=1 and fee_records with length 0
2026-03-20 14:16:48,124 - __main__ - ERROR - Requested fee records not available
2026-03-20 14:16:48,126 - __main__ - INFO - get_middle_n_records called with n=1 and fee_records with length 5
2026-03-20 14:16:48,126 - __main__ - INFO - Successfully returning [FeeRecord(late_payment=True, exempt=True, amount=300)]
2026-03-20 14:16:48,155 - __main__ - INFO - Successfully loaded record: FeeRecord(late_payment=True, exempt=False, amount=500.0)
2026-03-20 14:16:48,155 - __main__ - INFO - Successfully loaded record: FeeRecord(late_payment=False, exempt=False, amount=200.0)
2026-03-20 14:16:48,156 - __main__ - INFO - Successfully loaded record: FeeRecord(late_payment=True, exempt=True, amount=300.0)
2026-03-20 14:16:48,158 - __main__ - ERROR - File not found: non_existent_file.csv
2026-03-20 14:17:19,904 - __main__ - INFO - Analysis result: {'is_active': True, 'payment_status': 'active', 'discount_applicable': False, 'late_payments_count': 2, 'exempt_count': 1, 'total_amount': 118, 'total_records': 3}
2026-03-20 14:17:19,907 - __main__ - INFO - get_last_n_records called with n=2 and fee_records with length 3
2026-03-20 14:17:19,907 - __main__ - INFO - Successfully returning [FeeRecord(late_payment=True, exempt=False, amount=10), FeeRecord(late_payment=False, exempt=False, amount=0)]
2026-03-20 14:17:19,908 - __main__ - INFO - get_last_n_records called with n=0 and fee_records with length 3
2026-03-20 14:17:19,909 - __main__ - ERROR - n must be greater than 0
2026-03-20 14:17:19,911 - __main__ - INFO - get_last_n_records called with n=5 and fee_records with length 3
2026-03-20 14:17:19,912 - __main__ - ERROR - Requested fee records not available
2026-03-20 14:17:19,913 - __main__ - INFO - get_last_n_records called with n=1 and fee_records with length 0
2026-03-20 14:17:19,913 - __main__ - ERROR - Requested fee records not available
2026-03-20 14:17:19,914 - __main__ - INFO - get_last_n_records called with n=1 and fee_records with length 3
2026-03-20 14:17:19,915 - __main__ - INFO - Successfully returning [FeeRecord(late_payment=False, exempt=False, amount=0)]
2026-03-20 14:17:19,916 - __main__ - INFO - get_middle_n_records called with n=2 and fee_records with length 5
2026-03-20 14:17:19,917 - __main__ - INFO - Successfully returning [FeeRecord(late_payment=False, exempt=False, amount=200), FeeRecord(late_payment=True, exempt=True, amount=300)]
2026-03-20 14:17:19,919 - __main__ - INFO - get_middle_n_records called with n=0 and fee_records with length 5
2026-03-20 14:17:19,919 - __main__ - ERROR - n must be greater than 0
2026-03-20 14:17:19,920 - __main__ - INFO - get_middle_n_records called with n=1 and fee_records with length 0
2026-03-20 14:17:19,921 - __main__ - ERROR - Requested fee records not available
2026-03-20 14:17:19,921 - __main__ - INFO - get_middle_n_records called with n=1 and fee_records with length 5
2026-03-20 14:17:19,922 - __main__ - INFO - Successfully returning [FeeRecord(late_payment=True, exempt=True, amount=300)]
2026-03-20 14:17:19,941 - __main__ - INFO - Successfully loaded record: FeeRecord(late_payment=True, exempt=False, amount=500.0)
2026-03-20 14:17:19,941 - __main__ - INFO - Successfully loaded record: FeeRecord(late_payment=False, exempt=False, amount=200.0)
2026-03-20 14:17:19,941 - __main__ - INFO - Successfully loaded record: FeeRecord(late_payment=True, exempt=True, amount=300.0)
2026-03-20 14:17:19,943 - __main__ - ERROR - File not found: non_existent_file.csv
2026-03-20 14:17:31,055 - __main__ - INFO - Analysis result: {'is_active': True, 'payment_status': 'active', 'discount_applicable': False, 'late_payments_count': 2, 'exempt_count': 1, 'total_amount': 118, 'total_records': 3}
2026-03-20 14:17:31,058 - __main__ - INFO - get_last_n_records called with n=2 and fee_records with length 3
2026-03-20 14:17:31,058 - __main__ - INFO - Successfully returning [FeeRecord(late_payment=True, exempt=False, amount=10), FeeRecord(late_payment=False, exempt=False, amount=0)]
2026-03-20 14:17:31,059 - __main__ - INFO - get_last_n_records called with n=0 and fee_records with length 3
2026-03-20 14:17:31,059 - __main__ - ERROR - n must be greater than 0
2026-03-20 14:17:31,064 - __main__ - INFO - get_last_n_records called with n=5 and fee_records with length 3
2026-03-20 14:17:31,064 - __main__ - ERROR - Requested fee records not available
2026-03-20 14:17:31,065 - __main__ - INFO - get_last_n_records called with n=1 and fee_records with length 0
2026-03-20 14:17:31,066 - __main__ - ERROR - Requested fee records not available
2026-03-20 14:17:31,067 - __main__ - INFO - get_last_n_records called with n=1 and fee_records with length 3
2026-03-20 14:17:31,067 - __main__ - INFO - Successfully returning [FeeRecord(late_payment=False, exempt=False, amount=0)]
2026-03-20 14:17:31,069 - __main__ - INFO - get_middle_n_records called with n=2 and fee_records with length 5
2026-03-20 14:17:31,069 - __main__ - INFO - Successfully returning [FeeRecord(late_payment=False, exempt=False, amount=200), FeeRecord(late_payment=True, exempt=True, amount=300)]
2026-03-20 14:17:31,070 - __main__ - INFO - get_middle_n_records called with n=0 and fee_records with length 5
2026-03-20 14:17:31,070 - __main__ - ERROR - n must be greater than 0
2026-03-20 14:17:31,071 - __main__ - INFO - get_middle_n_records called with n=1 and fee_records with length 0
2026-03-20 14:17:31,071 - __main__ - ERROR - Requested fee records not available
2026-03-20 14:17:31,072 - __main__ - INFO - get_middle_n_records called with n=1 and fee_records with length 5
2026-03-20 14:17:31,073 - __main__ - INFO - Successfully returning [FeeRecord(late_payment=True, exempt=True, amount=300)]
2026-03-20 14:17:31,090 - __main__ - INFO - Successfully loaded record: FeeRecord(late_payment=True, exempt=False, amount=500.0)
2026-03-20 14:17:31,091 - __main__ - INFO - Successfully loaded record: FeeRecord(late_payment=False, exempt=False, amount=200.0)
2026-03-20 14:17:31,091 - __main__ - INFO - Successfully loaded record: FeeRecord(late_payment=True, exempt=True, amount=300.0)
2026-03-20 14:17:31,092 - __main__ - ERROR - File not found: non_existent_file.csv
